<?xml version="1.0" encoding="UTF-8"?>
<testsuite name="ru.project.notes.NotesApplicationTests" tests="1" skipped="0" failures="0" errors="0" timestamp="2023-06-09T20:08:38" hostname="MacBook-Air-3.local" time="0.062">
  <properties/>
  <testcase name="contextLoads()" classname="ru.project.notes.NotesApplicationTests" time="0.062"/>
  <system-out><![CDATA[16:08:37.423 [Test worker] DEBUG org.springframework.test.context.BootstrapUtils - Instantiating CacheAwareContextLoaderDelegate from class [org.springframework.test.context.cache.DefaultCacheAwareContextLoaderDelegate]
16:08:37.427 [Test worker] DEBUG org.springframework.test.context.BootstrapUtils - Instantiating BootstrapContext using constructor [public org.springframework.test.context.support.DefaultBootstrapContext(java.lang.Class,org.springframework.test.context.CacheAwareContextLoaderDelegate)]
16:08:37.438 [Test worker] DEBUG org.springframework.test.context.BootstrapUtils - Instantiating TestContextBootstrapper for test class [ru.project.notes.NotesApplicationTests] from class [org.springframework.boot.test.context.SpringBootTestContextBootstrapper]
16:08:37.441 [Test worker] INFO org.springframework.boot.test.context.SpringBootTestContextBootstrapper - Neither @ContextConfiguration nor @ContextHierarchy found for test class [ru.project.notes.NotesApplicationTests], using SpringBootContextLoader
16:08:37.443 [Test worker] DEBUG org.springframework.test.context.support.AbstractContextLoader - Did not detect default resource location for test class [ru.project.notes.NotesApplicationTests]: class path resource [ru/project/notes/NotesApplicationTests-context.xml] does not exist
16:08:37.443 [Test worker] DEBUG org.springframework.test.context.support.AbstractContextLoader - Did not detect default resource location for test class [ru.project.notes.NotesApplicationTests]: class path resource [ru/project/notes/NotesApplicationTestsContext.groovy] does not exist
16:08:37.443 [Test worker] INFO org.springframework.test.context.support.AbstractContextLoader - Could not detect default resource locations for test class [ru.project.notes.NotesApplicationTests]: no resource found for suffixes {-context.xml, Context.groovy}.
16:08:37.443 [Test worker] INFO org.springframework.test.context.support.AnnotationConfigContextLoaderUtils - Could not detect default configuration classes for test class [ru.project.notes.NotesApplicationTests]: NotesApplicationTests does not declare any static, non-private, non-final, nested classes annotated with @Configuration.
16:08:37.457 [Test worker] DEBUG org.springframework.test.context.support.ActiveProfilesUtils - Could not find an 'annotation declaring class' for annotation type [org.springframework.test.context.ActiveProfiles] and class [ru.project.notes.NotesApplicationTests]
16:08:37.475 [Test worker] DEBUG org.springframework.context.annotation.ClassPathScanningCandidateComponentProvider - Identified candidate component class: file [/Users/cherry/Desktop/notes 2/build/classes/java/main/ru/project/notes/NotesApplication.class]
16:08:37.476 [Test worker] INFO org.springframework.boot.test.context.SpringBootTestContextBootstrapper - Found @SpringBootConfiguration ru.project.notes.NotesApplication for test class ru.project.notes.NotesApplicationTests
16:08:37.504 [Test worker] DEBUG org.springframework.boot.test.context.SpringBootTestContextBootstrapper - @TestExecutionListeners is not present for class [ru.project.notes.NotesApplicationTests]: using defaults.
16:08:37.505 [Test worker] INFO org.springframework.boot.test.context.SpringBootTestContextBootstrapper - Loaded default TestExecutionListener class names from location [META-INF/spring.factories]: [org.springframework.security.test.context.support.WithSecurityContextTestExecutionListener, org.springframework.security.test.context.support.ReactorContextTestExecutionListener, org.springframework.boot.test.autoconfigure.restdocs.RestDocsTestExecutionListener, org.springframework.boot.test.autoconfigure.web.client.MockRestServiceServerResetTestExecutionListener, org.springframework.boot.test.autoconfigure.web.servlet.MockMvcPrintOnlyOnFailureTestExecutionListener, org.springframework.boot.test.autoconfigure.web.servlet.WebDriverTestExecutionListener, org.springframework.boot.test.autoconfigure.webservices.client.MockWebServiceServerTestExecutionListener, org.springframework.boot.test.mock.mockito.MockitoTestExecutionListener, org.springframework.boot.test.mock.mockito.ResetMocksTestExecutionListener, org.springframework.test.context.web.ServletTestExecutionListener, org.springframework.test.context.support.DirtiesContextBeforeModesTestExecutionListener, org.springframework.test.context.event.ApplicationEventsTestExecutionListener, org.springframework.test.context.support.DependencyInjectionTestExecutionListener, org.springframework.test.context.support.DirtiesContextTestExecutionListener, org.springframework.test.context.transaction.TransactionalTestExecutionListener, org.springframework.test.context.jdbc.SqlScriptsTestExecutionListener, org.springframework.test.context.event.EventPublishingTestExecutionListener]
16:08:37.511 [Test worker] INFO org.springframework.boot.test.context.SpringBootTestContextBootstrapper - Using TestExecutionListeners: [org.springframework.test.context.web.ServletTestExecutionListener@66ce957f, org.springframework.test.context.support.DirtiesContextBeforeModesTestExecutionListener@55b5f5d2, org.springframework.test.context.event.ApplicationEventsTestExecutionListener@5bfa8cc5, org.springframework.boot.test.mock.mockito.MockitoTestExecutionListener@666b83a4, org.springframework.boot.test.autoconfigure.SpringBootDependencyInjectionTestExecutionListener@749c877b, org.springframework.test.context.support.DirtiesContextTestExecutionListener@efde75f, org.springframework.test.context.transaction.TransactionalTestExecutionListener@16ecee1, org.springframework.test.context.jdbc.SqlScriptsTestExecutionListener@3b220bcb, org.springframework.security.test.context.support.WithSecurityContextTestExecutionListener@2b95e48b, org.springframework.test.context.event.EventPublishingTestExecutionListener@4a3329b9, org.springframework.security.test.context.support.ReactorContextTestExecutionListener@3dddefd8, org.springframework.boot.test.autoconfigure.restdocs.RestDocsTestExecutionListener@160ac7fb, org.springframework.boot.test.autoconfigure.web.client.MockRestServiceServerResetTestExecutionListener@12bfd80d, org.springframework.boot.test.autoconfigure.web.servlet.MockMvcPrintOnlyOnFailureTestExecutionListener@41925502, org.springframework.boot.test.autoconfigure.web.servlet.WebDriverTestExecutionListener@13e3c1c7, org.springframework.boot.test.autoconfigure.webservices.client.MockWebServiceServerTestExecutionListener@5316e95f, org.springframework.boot.test.mock.mockito.ResetMocksTestExecutionListener@3f053c80]
16:08:37.512 [Test worker] DEBUG org.springframework.test.context.support.AbstractDirtiesContextTestExecutionListener - Before test class: context [DefaultTestContext@11eadcba testClass = NotesApplicationTests, testInstance = [null], testMethod = [null], testException = [null], mergedContextConfiguration = [WebMergedContextConfiguration@4721d212 testClass = NotesApplicationTests, locations = '{}', classes = '{class ru.project.notes.NotesApplication}', contextInitializerClasses = '[]', activeProfiles = '{}', propertySourceLocations = '{}', propertySourceProperties = '{org.springframework.boot.test.context.SpringBootTestContextBootstrapper=true}', contextCustomizers = set[org.springframework.boot.test.autoconfigure.actuate.metrics.MetricsExportContextCustomizerFactory$DisableMetricExportContextCustomizer@50de186c, org.springframework.boot.test.autoconfigure.properties.PropertyMappingContextCustomizer@0, org.springframework.boot.test.autoconfigure.web.servlet.WebDriverContextCustomizerFactory$Customizer@1f53a5dc, org.springframework.boot.test.context.filter.ExcludeFilterContextCustomizer@c7ba306, org.springframework.boot.test.json.DuplicateJsonObjectContextCustomizerFactory$DuplicateJsonObjectContextCustomizer@6c4980d3, org.springframework.boot.test.mock.mockito.MockitoContextCustomizer@0, org.springframework.boot.test.web.client.TestRestTemplateContextCustomizer@b4711e2, org.springframework.boot.test.context.SpringBootTestArgs@1, org.springframework.boot.test.context.SpringBootTestWebEnvironment@37271612], resourceBasePath = 'src/main/webapp', contextLoader = 'org.springframework.boot.test.context.SpringBootContextLoader', parent = [null]], attributes = map['org.springframework.test.context.web.ServletTestExecutionListener.activateListener' -> true]], class annotated with @DirtiesContext [false] with mode [null].

  .   ____          _            __ _ _
 /\\ / ___'_ __ _ _(_)_ __  __ _ \ \ \ \
( ( )\___ | '_ | '_| | '_ \/ _` | \ \ \ \
 \\/  ___)| |_)| | | | | || (_| |  ) ) ) )
  '  |____| .__|_| |_|_| |_\__, | / / / /
 =========|_|==============|___/=/_/_/_/
 :: Spring Boot ::               (v2.7.12)

2023-06-09 16:08:37.611  INFO 32253 --- [    Test worker] ru.project.notes.NotesApplicationTests   : Starting NotesApplicationTests using Java 18.0.2 on MacBook-Air-3.local with PID 32253 (started by cherry in /Users/cherry/Desktop/notes 2)
2023-06-09 16:08:37.612  INFO 32253 --- [    Test worker] ru.project.notes.NotesApplicationTests   : No active profile set, falling back to 1 default profile: "default"
2023-06-09 16:08:37.824  INFO 32253 --- [    Test worker] .s.d.r.c.RepositoryConfigurationDelegate : Bootstrapping Spring Data JPA repositories in DEFAULT mode.
2023-06-09 16:08:37.844  INFO 32253 --- [    Test worker] .s.d.r.c.RepositoryConfigurationDelegate : Finished Spring Data repository scanning in 18 ms. Found 3 JPA repository interfaces.
2023-06-09 16:08:38.013  INFO 32253 --- [    Test worker] o.hibernate.jpa.internal.util.LogHelper  : HHH000204: Processing PersistenceUnitInfo [name: default]
2023-06-09 16:08:38.029  INFO 32253 --- [    Test worker] org.hibernate.Version                    : HHH000412: Hibernate ORM core version 5.6.15.Final
2023-06-09 16:08:38.081  INFO 32253 --- [    Test worker] o.hibernate.annotations.common.Version   : HCANN000001: Hibernate Commons Annotations {5.1.2.Final}
2023-06-09 16:08:38.112  INFO 32253 --- [    Test worker] com.zaxxer.hikari.HikariDataSource       : HikariPool-1 - Starting...
2023-06-09 16:08:38.159  INFO 32253 --- [    Test worker] com.zaxxer.hikari.HikariDataSource       : HikariPool-1 - Start completed.
2023-06-09 16:08:38.168  INFO 32253 --- [    Test worker] org.hibernate.dialect.Dialect            : HHH000400: Using dialect: org.hibernate.dialect.PostgreSQL10Dialect
Hibernate: alter table if exists record_record drop constraint if exists FKkt70minvpm4w5i8esvk54uait
Hibernate: alter table if exists record_record drop constraint if exists FKmvg4yqp685fpkuaa0bgmrm0p9
Hibernate: alter table if exists space drop constraint if exists FK4y9uuvonhfjqmeb5p843yx941
Hibernate: alter table if exists space_record drop constraint if exists FK20x7erdv4u5892x3ymx658239
Hibernate: alter table if exists space_record drop constraint if exists FKlejw5s4vvgg8xio8hvjt108l2
Hibernate: alter table if exists tags drop constraint if exists FKeyce0sldldmde2gqbb20pdv21
Hibernate: drop table if exists record cascade
Hibernate: drop table if exists record_record cascade
Hibernate: drop table if exists space cascade
Hibernate: drop table if exists space_record cascade
Hibernate: drop table if exists tags cascade
Hibernate: drop table if exists user_1111 cascade
Hibernate: create table record (id int8 generated by default as identity, date timestamp not null, text varchar(255) not null, title varchar(255) not null, primary key (id))
Hibernate: create table record_record (record_two_id int8 not null, record_one_id int8 not null, primary key (record_two_id, record_one_id))
Hibernate: create table space (id int8 generated by default as identity, title varchar(255) not null, user_id int8, primary key (id))
Hibernate: create table space_record (space_id int8 not null, record_id int8 not null, primary key (space_id, record_id))
Hibernate: create table tags (record_id int8 not null, tags varchar(255))
Hibernate: create table user_1111 (id int8 generated by default as identity, email varchar(255) not null, password varchar(255) not null, role varchar(255) not null, status varchar(255) not null, username varchar(255) not null, primary key (id))
Hibernate: alter table if exists record_record add constraint FKkt70minvpm4w5i8esvk54uait foreign key (record_one_id) references record
Hibernate: alter table if exists record_record add constraint FKmvg4yqp685fpkuaa0bgmrm0p9 foreign key (record_two_id) references record
Hibernate: alter table if exists space add constraint FK4y9uuvonhfjqmeb5p843yx941 foreign key (user_id) references user_1111
Hibernate: alter table if exists space_record add constraint FK20x7erdv4u5892x3ymx658239 foreign key (record_id) references record
Hibernate: alter table if exists space_record add constraint FKlejw5s4vvgg8xio8hvjt108l2 foreign key (space_id) references space
Hibernate: alter table if exists tags add constraint FKeyce0sldldmde2gqbb20pdv21 foreign key (record_id) references record
2023-06-09 16:08:38.425  INFO 32253 --- [    Test worker] o.h.e.t.j.p.i.JtaPlatformInitiator       : HHH000490: Using JtaPlatform implementation: [org.hibernate.engine.transaction.jta.platform.internal.NoJtaPlatform]
2023-06-09 16:08:38.429  INFO 32253 --- [    Test worker] j.LocalContainerEntityManagerFactoryBean : Initialized JPA EntityManagerFactory for persistence unit 'default'
2023-06-09 16:08:38.680  WARN 32253 --- [    Test worker] JpaBaseConfiguration$JpaWebConfiguration : spring.jpa.open-in-view is enabled by default. Therefore, database queries may be performed during view rendering. Explicitly configure spring.jpa.open-in-view to disable this warning
2023-06-09 16:08:38.870  INFO 32253 --- [    Test worker] ru.project.notes.NotesApplicationTests   : Started NotesApplicationTests in 1.346 seconds (JVM running for 1.785)
]]></system-out>
  <system-err><![CDATA[]]></system-err>
</testsuite>
